\BOOKMARK [0][-]{chapter.1}{Introduction and Background}{}% 1
\BOOKMARK [1][-]{section.1.1}{The Spaghetti Syndrome and its Implications - the need for a Wireless Vital Signs Monitoring System}{chapter.1}% 2
\BOOKMARK [1][-]{section.1.2}{Benefits of a Wireless Implementation}{chapter.1}% 3
\BOOKMARK [1][-]{section.1.3}{Overview of the Project}{chapter.1}% 4
\BOOKMARK [1][-]{section.1.4}{Anaesthetic Parameters for Patient Monitoring}{chapter.1}% 5
\BOOKMARK [2][-]{subsection.1.4.1}{Theory of Electrocardiography}{section.1.4}% 6
\BOOKMARK [2][-]{subsection.1.4.2}{Theory of Electroencephalography}{section.1.4}% 7
\BOOKMARK [2][-]{subsection.1.4.3}{Theory of Photoplethysmography \(PPG\)}{section.1.4}% 8
\BOOKMARK [2][-]{subsection.1.4.4}{Theory of Blood Pressure}{section.1.4}% 9
\BOOKMARK [2][-]{subsection.1.4.5}{Theory of Blood Temperature}{section.1.4}% 10
\BOOKMARK [0][-]{chapter.2}{Literature Review: Survey of Related Previous Work - Overview of Wireless Sensor Network Technology}{}% 11
\BOOKMARK [1][-]{section.2.1}{Methodology}{chapter.2}% 12
\BOOKMARK [1][-]{section.2.2}{Introduction}{chapter.2}% 13
\BOOKMARK [1][-]{section.2.3}{Wireless in Anaesthesia}{chapter.2}% 14
\BOOKMARK [1][-]{section.2.4}{Benefits}{chapter.2}% 15
\BOOKMARK [1][-]{section.2.5}{Challenges}{chapter.2}% 16
\BOOKMARK [1][-]{section.2.6}{Priority Queueing Models}{chapter.2}% 17
\BOOKMARK [1][-]{section.2.7}{Case Studies}{chapter.2}% 18
\BOOKMARK [1][-]{section.2.8}{Analysis of Existing Systems}{chapter.2}% 19
\BOOKMARK [2][-]{subsection.2.8.1}{Consideration of e-Health Sensor by Cooking Hacks \(Libelium\)}{section.2.8}% 20
\BOOKMARK [2][-]{subsection.2.8.2}{Consideration of BioNomadix Wireless Wearable Physiology by Biopac Systems}{section.2.8}% 21
\BOOKMARK [1][-]{section.2.9}{Wireless Sensor Networks}{chapter.2}% 22
\BOOKMARK [1][-]{section.2.10}{Body Area Networks}{chapter.2}% 23
\BOOKMARK [1][-]{section.2.11}{WiFi}{chapter.2}% 24
\BOOKMARK [1][-]{section.2.12}{Bluetooth}{chapter.2}% 25
\BOOKMARK [1][-]{section.2.13}{Zigbee}{chapter.2}% 26
\BOOKMARK [0][-]{chapter.3}{Project Design and Development}{}% 27
\BOOKMARK [1][-]{section.3.1}{System Overview}{chapter.3}% 28
\BOOKMARK [1][-]{section.3.2}{Design Specifications}{chapter.3}% 29
\BOOKMARK [0][-]{chapter.4}{Design and Development: Terminals for Data Processing, Transmission, and Visualisation}{}% 30
\BOOKMARK [1][-]{section.4.1}{Operating System}{chapter.4}% 31
\BOOKMARK [1][-]{section.4.2}{Raspberry Pi 3 Model B}{chapter.4}% 32
\BOOKMARK [2][-]{subsection.4.2.1}{Raspbian Jessie}{section.4.2}% 33
\BOOKMARK [1][-]{section.4.3}{Methods of Wireless Transmission}{chapter.4}% 34
\BOOKMARK [2][-]{subsection.4.3.1}{Comparison between Virtual Nerwork Computing \(VNC\) and Raw Transmission}{section.4.3}% 35
\BOOKMARK [1][-]{section.4.4}{Portable Power Supply for the Raspberry Pi 3 Model B}{chapter.4}% 36
\BOOKMARK [0][-]{chapter.5}{Design and Development: Sensors for Data Collection}{}% 37
\BOOKMARK [1][-]{section.5.1}{ECG}{chapter.5}% 38
\BOOKMARK [2][-]{subsection.5.1.1}{AD8232 IC ECG Sensor}{section.5.1}% 39
\BOOKMARK [1][-]{section.5.2}{EEG}{chapter.5}% 40
\BOOKMARK [2][-]{subsection.5.2.1}{Neurosky TGAM module}{section.5.2}% 41
\BOOKMARK [1][-]{section.5.3}{PPG}{chapter.5}% 42
\BOOKMARK [2][-]{subsection.5.3.1}{Bandwidth Selection}{section.5.3}% 43
\BOOKMARK [2][-]{subsection.5.3.2}{Circuit Design}{section.5.3}% 44
\BOOKMARK [1][-]{section.5.4}{Blood Temperature}{chapter.5}% 45
\BOOKMARK [2][-]{subsection.5.4.1}{Thermistor}{section.5.4}% 46
\BOOKMARK [2][-]{subsection.5.4.2}{Thermistor in Phase Shift Oscillator \(PSO\) Configuration}{section.5.4}% 47
\BOOKMARK [0][-]{chapter.6}{Design and Development: Software }{}% 48
\BOOKMARK [1][-]{section.6.1}{Installation of Necessary Applications}{chapter.6}% 49
\BOOKMARK [1][-]{section.6.2}{Wireless Transmission: Operation of VNC Client-Server System}{chapter.6}% 50
\BOOKMARK [2][-]{subsection.6.2.1}{Access from Another Raspberry Pi}{section.6.2}% 51
\BOOKMARK [2][-]{subsection.6.2.2}{Access from a Windows Platform}{section.6.2}% 52
\BOOKMARK [1][-]{section.6.3}{ECG Software}{chapter.6}% 53
\BOOKMARK [1][-]{section.6.4}{Thermistor with Phase Shift Oscillator Software}{chapter.6}% 54
\BOOKMARK [0][-]{chapter.7}{Results}{}% 55
\BOOKMARK [1][-]{section.7.1}{Wireless Vital Signs Monitoring System}{chapter.7}% 56
\BOOKMARK [1][-]{section.7.2}{ECG}{chapter.7}% 57
\BOOKMARK [2][-]{subsection.7.2.1}{ECG Electrode Placement}{section.7.2}% 58
\BOOKMARK [2][-]{subsection.7.2.2}{ECG Output}{section.7.2}% 59
\BOOKMARK [2][-]{subsection.7.2.3}{Motion Artifacts}{section.7.2}% 60
\BOOKMARK [1][-]{section.7.3}{Simulation}{chapter.7}% 61
\BOOKMARK [1][-]{section.7.4}{EEG}{chapter.7}% 62
\BOOKMARK [2][-]{subsection.7.4.1}{Operation}{section.7.4}% 63
\BOOKMARK [1][-]{section.7.5}{PPG}{chapter.7}% 64
\BOOKMARK [2][-]{subsection.7.5.1}{Prototype Sensor with Arduino Uno}{section.7.5}% 65
\BOOKMARK [2][-]{subsection.7.5.2}{Heart Rate Measurement}{section.7.5}% 66
\BOOKMARK [2][-]{subsection.7.5.3}{Abstract AC/DC Values}{section.7.5}% 67
\BOOKMARK [1][-]{section.7.6}{Blood Temperature}{chapter.7}% 68
\BOOKMARK [2][-]{subsection.7.6.1}{Calibration of Phase Shift Oscillator}{section.7.6}% 69
\BOOKMARK [0][-]{chapter.8}{Discussion}{}% 70
\BOOKMARK [1][-]{section.8.1}{Challenges and Limitations}{chapter.8}% 71
\BOOKMARK [1][-]{section.8.2}{Power Efficiency}{chapter.8}% 72
\BOOKMARK [1][-]{section.8.3}{Interference}{chapter.8}% 73
\BOOKMARK [1][-]{section.8.4}{Security Risk}{chapter.8}% 74
\BOOKMARK [1][-]{section.8.5}{Data Management}{chapter.8}% 75
\BOOKMARK [1][-]{section.8.6}{Regulation and Compliance Standards}{chapter.8}% 76
\BOOKMARK [1][-]{section.8.7}{Reliability}{chapter.8}% 77
\BOOKMARK [1][-]{section.8.8}{Range}{chapter.8}% 78
\BOOKMARK [1][-]{section.8.9}{Raspberry Pi USB}{chapter.8}% 79
\BOOKMARK [1][-]{section.8.10}{Intel Nuc}{chapter.8}% 80
\BOOKMARK [0][-]{chapter.9}{Conclusion }{}% 81
\BOOKMARK [1][-]{section.9.1}{Summary of Main Results}{chapter.9}% 82
\BOOKMARK [1][-]{section.9.2}{Practical Interpretation of our Results}{chapter.9}% 83
\BOOKMARK [0][-]{appendix.A}{Program Installation}{}% 84
\BOOKMARK [1][-]{section.A.1}{Operating System - Raspbian Jessie}{appendix.A}% 85
\BOOKMARK [1][-]{section.A.2}{Code}{appendix.A}% 86
\BOOKMARK [2][-]{subsection.A.2.1}{ECG Code for Arduino Pro Mini}{section.A.2}% 87
\BOOKMARK [2][-]{subsection.A.2.2}{ECG Code for Processing 2.2.1}{section.A.2}% 88
\BOOKMARK [2][-]{subsection.A.2.3}{PPG with Processing 2+}{section.A.2}% 89
\BOOKMARK [2][-]{subsection.A.2.4}{Arduino Code for Thermistor}{section.A.2}% 90
\BOOKMARK [2][-]{subsection.A.2.5}{Arduino Code for Phase Shift Oscillator}{section.A.2}% 91
\BOOKMARK [2][-]{subsection.A.2.6}{MATLAB ECG Simulation}{section.A.2}% 92
\BOOKMARK [0][-]{appendix.B}{PCB Design and Schematics}{}% 93
\BOOKMARK [1][-]{section.B.1}{ECG Shield for AD8232 and Arduino Pro Mini}{appendix.B}% 94
\BOOKMARK [1][-]{section.B.2}{Blood Temperature}{appendix.B}% 95
\BOOKMARK [1][-]{section.B.3}{AD8232 Heart Rate Monitor SparkFun Implementation}{appendix.B}% 96
\BOOKMARK [1][-]{section.B.4}{Raspberry Pi 3 Model B}{appendix.B}% 97
\BOOKMARK [1][-]{section.B.5}{Transmitter Schematics for PPG}{appendix.B}% 98
\BOOKMARK [1][-]{section.B.6}{Transmitter PCB for PPG}{appendix.B}% 99
\BOOKMARK [1][-]{section.B.7}{Receiver Schematics for PPG}{appendix.B}% 100
\BOOKMARK [1][-]{section.B.8}{Receiver PCB for PPG}{appendix.B}% 101
\BOOKMARK [0][-]{appendix.C}{Measurements and Datasheets}{}% 102
\BOOKMARK [1][-]{section.C.1}{Datasheet}{appendix.C}% 103
\BOOKMARK [1][-]{section.C.2}{Phase Shift Oscillator Calibration}{appendix.C}% 104
\BOOKMARK [2][-]{subsection.C.2.1}{Astable Operation of 555 Timer}{section.C.2}% 105
